<?xml version="1.0" encoding="UTF-8"?>
<testsuite xmlns:xsi="http://www.w3.org/2001/XMLSchema-instance" xsi:noNamespaceSchemaLocation="https://maven.apache.org/surefire/maven-surefire-plugin/xsd/surefire-test-report-3.0.xsd" version="3.0" name="com.mycompany.calculadorasmp.OperationsTest" time="0.029" tests="1" errors="0" skipped="0" failures="0">
  <properties>
[...]
</properties>
  <testcase name="testMakeFormula" classname="com.mycompany.calculadorasmp.OperationsTest" time="0.023">
    <system-out><![CDATA[git modify
Fórmula generada: 49+48*83-52
]]></system-out>
  </testcase>
</testsuite>